<?xml version="1.0" encoding="UTF-8"?>
<!-- Generated by org.testng.reporters.JUnitXMLReporter -->
<testsuite hostname="rahul-PC" ignored="0" name="Default test" tests="5" failures="0" timestamp="14 May 2020 09:59:12 GMT" time="0.052" errors="0">
  <testcase name="@BeforeTest intailization" time="0.01" classname="com.flipkartAutomation.tests.HomePageTest">
    <failure type="java.io.FileNotFoundException" message="E:\SeleniumHomePractice\FlipKartAutomation\src\main\java\resources\TestData.properties (The system cannot find the path specified)">
      <![CDATA[java.io.FileNotFoundException: E:\SeleniumHomePractice\FlipKartAutomation\src\main\java\resources\TestData.properties (The system cannot find the path specified)
at java.io.FileInputStream.open0(Native Method)
at java.io.FileInputStream.open(FileInputStream.java:195)
at java.io.FileInputStream.<init>(FileInputStream.java:138)
at java.io.FileInputStream.<init>(FileInputStream.java:93)
at com.flipkartAutomation.tests.Base.initializeDriver(Base.java:30)
at com.flipkartAutomation.tests.HomePageTest.intailization(HomePageTest.java:26)
at sun.reflect.NativeMethodAccessorImpl.invoke0(Native Method)
at sun.reflect.NativeMethodAccessorImpl.invoke(NativeMethodAccessorImpl.java:62)
at sun.reflect.DelegatingMethodAccessorImpl.invoke(DelegatingMethodAccessorImpl.java:43)
at java.lang.reflect.Method.invoke(Method.java:498)
at org.testng.internal.MethodInvocationHelper.invokeMethod(MethodInvocationHelper.java:124)
at org.testng.internal.MethodInvocationHelper.invokeMethodConsideringTimeout(MethodInvocationHelper.java:59)
at org.testng.internal.Invoker.invokeConfigurationMethod(Invoker.java:458)
at org.testng.internal.Invoker.invokeConfigurations(Invoker.java:222)
at org.testng.internal.Invoker.invokeConfigurations(Invoker.java:142)
at org.testng.TestRunner.beforeRun(TestRunner.java:529)
at org.testng.TestRunner.run(TestRunner.java:497)
at org.testng.SuiteRunner.runTest(SuiteRunner.java:455)
at org.testng.SuiteRunner.runSequentially(SuiteRunner.java:450)
at org.testng.SuiteRunner.privateRun(SuiteRunner.java:415)
at org.testng.SuiteRunner.run(SuiteRunner.java:364)
at org.testng.SuiteRunnerWorker.runSuite(SuiteRunnerWorker.java:52)
at org.testng.SuiteRunnerWorker.run(SuiteRunnerWorker.java:84)
at org.testng.TestNG.runSuitesSequentially(TestNG.java:1208)
at org.testng.TestNG.runSuitesLocally(TestNG.java:1137)
at org.testng.TestNG.runSuites(TestNG.java:1049)
at org.testng.TestNG.run(TestNG.java:1017)
at org.testng.remote.AbstractRemoteTestNG.run(AbstractRemoteTestNG.java:114)
at org.testng.remote.RemoteTestNG.initAndRun(RemoteTestNG.java:251)
at org.testng.remote.RemoteTestNG.main(RemoteTestNG.java:77)
]]>
    </failure>
  </testcase> <!-- @BeforeTest intailization -->
  <testcase name="@AfterTest tearDown" time="0.0" classname="com.flipkartAutomation.tests.HomePageTest">
    <skipped/>
  </testcase> <!-- @AfterTest tearDown -->
  <testcase name="loginButtonTest" time="0.0" classname="com.flipkartAutomation.tests.HomePageTest">
    <skipped/>
  </testcase> <!-- loginButtonTest -->
  <testcase name="loginFunctionality" time="0.0" classname="com.flipkartAutomation.tests.HomePageTest">
    <skipped/>
  </testcase> <!-- loginFunctionality -->
  <testcase name="loginFunctionality" time="0.0" classname="com.flipkartAutomation.tests.HomePageTest">
    <skipped/>
  </testcase> <!-- loginFunctionality -->
  <testcase name="searchItem" time="0.0" classname="com.flipkartAutomation.tests.HomePageTest">
    <skipped/>
  </testcase> <!-- searchItem -->
  <testcase name="verifyTitle" time="0.0" classname="com.flipkartAutomation.tests.HomePageTest">
    <skipped/>
  </testcase> <!-- verifyTitle -->
</testsuite> <!-- Default test -->
